
> ngo-platform@0.1.0 dev
> next dev

▲ Next.js 16.1.6 (Turbopack)
- Local:         http://localhost:3000
- Network:       http://192.168.1.13:3000
- Environments: .env

✓ Starting...
⚠ Turbopack's filesystem cache has been deleted because we previously detected an internal error in Turbopack. Builds or page loads may be slower as a result.
✓ Ready in 1159ms
○ Compiling /dashboard/campaigns ...
 GET /dashboard/campaigns 200 in 8.5s (compile: 7.7s, render: 736ms)
 GET /donate 200 in 6.9s (compile: 5.9s, render: 926ms)
 GET /joy-of-giving.jpg 404 in 2.5s (compile: 1975ms, render: 561ms)
⨯ The requested resource isn't a valid image for /joy-of-giving.jpg received null
 GET / 200 in 959ms (compile: 797ms, render: 163ms)
 GET / 200 in 105ms (compile: 11ms, render: 95ms)
Error: Route "/campaigns/[id]" used `params.id`. `params` is a Promise and must be unwrapped with `await` or `React.use()` before accessing its properties. Learn more: https://nextjs.org/docs/messages/sync-dynamic-apis
    at CampaignDetailsPage (app/campaigns/[id]/page.tsx:10:29)
   8 | export default async function CampaignDetailsPage({ params }: { params: { id: string } }) {
   9 |     const campaign = await prisma.campaign.findUnique({
> 10 |         where: { id: params.id },
     |                             ^
  11 |         include: {
  12 |             donations: {
  13 |                 where: { status: "SUCCESS" }
⨯ Error [PrismaClientValidationError]: 
Invalid `{imported module ./lib/prisma.ts}["prisma"].campaign.findUnique()` invocation in
/Users/rupamkumarsarangi/ngo-platform/.next/dev/server/chunks/ssr/[root-of-the-server]__b9769289._.js:98:157

  95 ;
  96 const revalidate = 0;
  97 async function CampaignDetailsPage({ params }) {
→ 98     const campaign = await {imported module ./lib/prisma.ts}["prisma"].campaign.findUnique({
           where: {
             id: undefined,
         ?   AND?: CampaignWhereInput | CampaignWhereInput[],
         ?   OR?: CampaignWhereInput[],
         ?   NOT?: CampaignWhereInput | CampaignWhereInput[],
         ?   title?: StringFilter | String,
         ?   createdAt?: DateTimeFilter | DateTime,
         ?   goal?: IntFilter | Int,
         ?   status?: StringFilter | String,
         ?   donations?: DonationListRelationFilter
           },
           include: {
             donations: {
               where: {
                 status: "SUCCESS"
               }
             }
           }
         })

Argument `where` of type CampaignWhereUniqueInput needs at least one of `id` arguments. Available options are marked with ?.
    at <unknown> (app/campaigns/[id]/page.tsx:9:44)
    at async CampaignDetailsPage (app/campaigns/[id]/page.tsx:9:22)
   7 |
   8 | export default async function CampaignDetailsPage({ params }: { params: { id: string } }) {
>  9 |     const campaign = await prisma.campaign.findUnique({
     |                                            ^
  10 |         where: { id: params.id },
  11 |         include: {
  12 |             donations: { {
  clientVersion: '5.22.0',
  digest: '455551917'
}
 GET /campaigns/19df61e2-6e11-4853-90cb-ebe51a0b1f56 500 in 5.3s (compile: 2.8s, render: 2.5s)
✓ Compiled in 780ms
 GET / 200 in 167ms (compile: 50ms, render: 116ms)
prisma:query SELECT 1
prisma:query SELECT "public"."Campaign"."id", "public"."Campaign"."title", "public"."Campaign"."createdAt", "public"."Campaign"."goal", "public"."Campaign"."status" FROM "public"."Campaign" WHERE ("public"."Campaign"."id" = $1 AND 1=1) LIMIT $2 OFFSET $3
prisma:query SELECT "public"."Donation"."id", "public"."Donation"."amount", "public"."Donation"."campaignId", "public"."Donation"."createdAt", "public"."Donation"."status", "public"."Donation"."userId" FROM "public"."Donation" WHERE ("public"."Donation"."status" = $1 AND "public"."Donation"."campaignId" IN ($2)) OFFSET $3
 GET /campaigns/19df61e2-6e11-4853-90cb-ebe51a0b1f56 200 in 1331ms (compile: 139ms, render: 1192ms)
○ Compiling /dashboard ...
The width(-1) and height(-1) of chart should be greater than 0,
       please check the style of container, or the props width(100%) and height(100%),
       or add a minWidth(0) or minHeight(undefined) or use aspect(undefined) to control the
       height and width.
The width(-1) and height(-1) of chart should be greater than 0,
       please check the style of container, or the props width(100%) and height(100%),
       or add a minWidth(0) or minHeight(undefined) or use aspect(undefined) to control the
       height and width.
The width(-1) and height(-1) of chart should be greater than 0,
       please check the style of container, or the props width(100%) and height(100%),
       or add a minWidth(0) or minHeight(undefined) or use aspect(undefined) to control the
       height and width.
 GET /dashboard 200 in 4.2s (compile: 3.6s, render: 622ms)
 GET /dashboard/campaigns 200 in 1032ms (compile: 386ms, render: 646ms)
✓ Finished writing to filesystem cache in 13.1s
○ Compiling /dashboard/campaigns/create ...
 GET /dashboard/campaigns/create 200 in 6.4s (compile: 5.8s, render: 611ms)
 GET /dashboard/campaigns/create 200 in 283ms (compile: 15ms, render: 268ms)
 GET /dashboard/campaigns 200 in 416ms (compile: 119ms, render: 297ms)
 GET /dashboard/campaigns/create 200 in 35ms (compile: 9ms, render: 27ms)
○ Compiling /programs ...
 GET /programs 200 in 10.7s (compile: 10.0s, render: 679ms)
 GET /programs 200 in 507ms (compile: 68ms, render: 440ms)
 GET /programs 200 in 375ms (compile: 47ms, render: 328ms)
 GET /programs 200 in 516ms (compile: 10ms, render: 506ms)
 GET /programs 200 in 488ms (compile: 14ms, render: 474ms)
 GET /programs 200 in 368ms (compile: 54ms, render: 314ms)
 GET /programs 200 in 372ms (compile: 30ms, render: 342ms)
 GET /programs 200 in 168ms (compile: 33ms, render: 135ms)
 GET /about 200 in 1907ms (compile: 1703ms, render: 204ms)
 GET / 200 in 112ms (compile: 20ms, render: 93ms)
 GET /about 200 in 45ms (compile: 8ms, render: 37ms)
 GET /programs 200 in 30ms (compile: 8ms, render: 21ms)
 GET /media 200 in 1511ms (compile: 1298ms, render: 213ms)
 GET / 200 in 39ms (compile: 17ms, render: 22ms)
✓ Finished filesystem cache database compaction in 10.9s
✓ Compiled in 2.5s
 GET / 200 in 3.6s (compile: 623ms, render: 3.0s)
 GET / 200 in 684ms (compile: 18ms, render: 666ms)
The width(-1) and height(-1) of chart should be greater than 0,
       please check the style of container, or the props width(100%) and height(100%),
       or add a minWidth(0) or minHeight(undefined) or use aspect(undefined) to control the
       height and width.
The width(-1) and height(-1) of chart should be greater than 0,
       please check the style of container, or the props width(100%) and height(100%),
       or add a minWidth(0) or minHeight(undefined) or use aspect(undefined) to control the
       height and width.
The width(-1) and height(-1) of chart should be greater than 0,
       please check the style of container, or the props width(100%) and height(100%),
       or add a minWidth(0) or minHeight(undefined) or use aspect(undefined) to control the
       height and width.
 GET /dashboard 200 in 136ms (compile: 10ms, render: 126ms)
 GET /dashboard/campaigns 200 in 30ms (compile: 8ms, render: 22ms)
 GET /dashboard/campaigns/create?edit=19df61e2-6e11-4853-90cb-ebe51a0b1f56 200 in 37ms (compile: 9ms, render: 28ms)
 GET /dashboard/campaigns 200 in 27ms (compile: 6ms, render: 21ms)
 GET /dashboard/campaigns/19df61e2-6e11-4853-90cb-ebe51a0b1f56 200 in 2.8s (compile: 2.7s, render: 23ms)
 GET /dashboard/campaigns 200 in 43ms (compile: 16ms, render: 27ms)
 GET /dashboard/campaigns/create 200 in 33ms (compile: 7ms, render: 26ms)
✓ Compiled in 184ms
 GET /dashboard/campaigns/create 200 in 80ms (compile: 55ms, render: 25ms)
 GET / 200 in 89ms (compile: 20ms, render: 69ms)
✓ Compiled in 26ms
 GET /dashboard/campaigns/create 200 in 67ms (compile: 4ms, render: 62ms)
 GET / 200 in 71ms (compile: 39ms, render: 32ms)
✓ Compiled in 723ms
 GET /programs 200 in 122ms (compile: 53ms, render: 69ms)
 GET / 200 in 2.9s (compile: 10ms, render: 2.9s)
 GET / 200 in 3.7s (compile: 342ms, render: 3.3s)
The width(-1) and height(-1) of chart should be greater than 0,
       please check the style of container, or the props width(100%) and height(100%),
       or add a minWidth(0) or minHeight(undefined) or use aspect(undefined) to control the
       height and width.
The width(-1) and height(-1) of chart should be greater than 0,
       please check the style of container, or the props width(100%) and height(100%),
       or add a minWidth(0) or minHeight(undefined) or use aspect(undefined) to control the
       height and width.
The width(-1) and height(-1) of chart should be greater than 0,
       please check the style of container, or the props width(100%) and height(100%),
       or add a minWidth(0) or minHeight(undefined) or use aspect(undefined) to control the
       height and width.
 GET /dashboard 200 in 187ms (compile: 40ms, render: 147ms)
○ Compiling /dashboard/donors ...
 GET /dashboard/donors 200 in 3.3s (compile: 3.3s, render: 33ms)
 GET /dashboard/settings 200 in 694ms (compile: 673ms, render: 21ms)
 GET /dashboard/reports 200 in 1244ms (compile: 1221ms, render: 22ms)
 GET /dashboard/compliance 200 in 496ms (compile: 482ms, render: 14ms)
 GET /dashboard/reports 200 in 43ms (compile: 17ms, render: 26ms)
 GET /dashboard/impact 200 in 784ms (compile: 768ms, render: 16ms)
 GET /dashboard/recurring 200 in 778ms (compile: 739ms, render: 39ms)
 GET /dashboard/donations 200 in 753ms (compile: 716ms, render: 37ms)
 GET / 200 in 693ms (compile: 18ms, render: 675ms)
✓ Compiled in 191ms
 GET / 200 in 286ms (compile: 126ms, render: 160ms)
✓ Compiled in 51ms
 GET / 200 in 77ms (compile: 29ms, render: 49ms)
